% node main.js 
curr epoch number: 15
curr epoch start : 14030000
curr epoch end   : 14231599
latest height    : 14038736 (8736/201600)
query posEpochNum: 14
epochStartH      : 13828400
epochEndH        : 14029999
startValsInfo:
┌─────────┬────────────────┬────────────────────────────────────────────┬───────┬──────────┐
│ (index) │     intro      │                   miner                    │  vp   │ retiring │
├─────────┼────────────────┼────────────────────────────────────────────┼───────┼──────────┤
│    0    │  'matrixport'  │ '930C23CE7536B0EDE6AFE7754134D4011217D6AA' │ 10000 │  false   │
│    1    │   'SmartVal'   │ 'F22A003226B2221B00906C7435C2EB582223C5C2' │ 10000 │  false   │
│    2    │ '코인판크토시' │ '32E716DAA7C8C2A8AF5759BDB2DF28DF74BBF627' │ 10000 │  false   │
│    3    │    'ViaBTC'    │ 'A928A5794D9852389FF572B1941A672274C6C44A' │ 10000 │  false   │
│    4    │  'RabbitBCH'   │ 'FD46D618D0CD459F791F44D9C6E54302658AD142' │ 10000 │  false   │
│    5    │ 'Benswap.cash' │ '2FEB93041FC652B1326A2F07BAEC5CAA8D2353A9' │ 10000 │  false   │
│    6    │   'songoku'    │ 'FAC3A668D5BED3DDBD854B647E3113946BE3306A' │ 10000 │  false   │
└─────────┴────────────────┴────────────────────────────────────────────┴───────┴──────────┘
endValsInfo:
┌─────────┬────────────────┬────────────────────────────────────────────┬───────┬──────────┐
│ (index) │     intro      │                   miner                    │  vp   │ retiring │
├─────────┼────────────────┼────────────────────────────────────────────┼───────┼──────────┤
│    0    │  'matrixport'  │ '930C23CE7536B0EDE6AFE7754134D4011217D6AA' │ 10000 │  false   │
│    1    │   'SmartVal'   │ 'F22A003226B2221B00906C7435C2EB582223C5C2' │ 10000 │  false   │
│    2    │ '코인판크토시' │ '32E716DAA7C8C2A8AF5759BDB2DF28DF74BBF627' │ 10000 │  false   │
│    3    │    'ViaBTC'    │ 'A928A5794D9852389FF572B1941A672274C6C44A' │ 10000 │  false   │
│    4    │  'RabbitBCH'   │ 'FD46D618D0CD459F791F44D9C6E54302658AD142' │ 10000 │  false   │
│    5    │ 'Benswap.cash' │ '2FEB93041FC652B1326A2F07BAEC5CAA8D2353A9' │ 10000 │  false   │
│    6    │   'songoku'    │ 'FAC3A668D5BED3DDBD854B647E3113946BE3306A' │ 10000 │  false   │
│    7    │  'KimDotCool'  │ '8BCE68C4092C2D0DC369682520BA31F833518036' │ 10000 │  false   │
└─────────┴────────────────┴────────────────────────────────────────────┴───────┴──────────┘
slashedVals: []
get block: 14029999, ■■■■■■■■■■■■■■■■■■■■■■■■■■■■■■■■■■■■■■■■■■■■■■■■■■■■■■■■■■■■■■■■■■■■■■■■■■■■■■■■■■■■■■■■■■■■■■■■■■■■
lastMinedBlockMap: [
  {
    miner: '0xFAC3a668D5bEd3DDbd854b647E3113946bE3306A',
    block: 14029993
  },
  {
    miner: '0x32e716daA7C8C2A8AF5759bdB2DF28Df74bbf627',
    block: 14029994
  },
  {
    miner: '0xA928a5794D9852389FF572b1941A672274c6C44A',
    block: 14029995
  },
  {
    miner: '0xFd46d618d0cD459F791F44D9C6E54302658aD142',
    block: 14029996
  },
  {
    miner: '0x2feb93041fC652B1326a2F07BAEC5Caa8D2353a9',
    block: 14029997
  },
  {
    miner: '0xF22a003226b2221b00906C7435C2eB582223C5C2',
    block: 14029998
  },
  {
    miner: '0x930C23CE7536B0ede6AfE7754134d4011217D6AA',
    block: 14029999
  }
]
minedBlocksMap: Map(7) {
  '0xFAC3a668D5bEd3DDbd854b647E3113946bE3306A' => 28808,
  '0x32e716daA7C8C2A8AF5759bdB2DF28Df74bbf627' => 28657,
  '0xA928a5794D9852389FF572b1941A672274c6C44A' => 28950,
  '0xFd46d618d0cD459F791F44D9C6E54302658aD142' => 28791,
  '0x2feb93041fC652B1326a2F07BAEC5Caa8D2353a9' => 28625,
  '0xF22a003226b2221b00906C7435C2eB582223C5C2' => 28987,
  '0x930C23CE7536B0ede6AfE7754134d4011217D6AA' => 28789
}
offlineMinerMap: Map(0) {}
delayedBlocks: []
allRewards: 4
