% node main.js  
curr epoch number: 5
curr epoch start : 12014000
curr epoch end   : 12215599
latest height    : 12125700 (111700/201600)
query posEpochNum: 4
epochStartH      : 11812400
epochEndH        : 12013999
startValsInfo:
┌─────────┬────────────────┬────────────────────────────────────────────┬───────┬──────────┐
│ (index) │     intro      │                   miner                    │  vp   │ retiring │
├─────────┼────────────────┼────────────────────────────────────────────┼───────┼──────────┤
│    0    │  'matrixport'  │ '930C23CE7536B0EDE6AFE7754134D4011217D6AA' │ 10000 │  false   │
│    1    │   'SmartVal'   │ 'F22A003226B2221B00906C7435C2EB582223C5C2' │ 10000 │  false   │
│    2    │ '코인판크토시' │ '32E716DAA7C8C2A8AF5759BDB2DF28DF74BBF627' │ 10000 │  false   │
│    3    │    'ViaBTC'    │ 'A928A5794D9852389FF572B1941A672274C6C44A' │ 10000 │  false   │
│    4    │  'RabbitBCH'   │ 'FD46D618D0CD459F791F44D9C6E54302658AD142' │ 10000 │  false   │
│    5    │   'FlipETH'    │ 'CA191E53BAE1C905DF46C5A5A8A5295B19768F0B' │ 10000 │  false   │
│    6    │ 'Benswap.cash' │ '2FEB93041FC652B1326A2F07BAEC5CAA8D2353A9' │ 10000 │  false   │
└─────────┴────────────────┴────────────────────────────────────────────┴───────┴──────────┘
endValsInfo:
┌─────────┬────────────────┬────────────────────────────────────────────┬───────┬──────────┐
│ (index) │     intro      │                   miner                    │  vp   │ retiring │
├─────────┼────────────────┼────────────────────────────────────────────┼───────┼──────────┤
│    0    │  'matrixport'  │ '930C23CE7536B0EDE6AFE7754134D4011217D6AA' │ 10000 │  false   │
│    1    │   'SmartVal'   │ 'F22A003226B2221B00906C7435C2EB582223C5C2' │ 10000 │  false   │
│    2    │ '코인판크토시' │ '32E716DAA7C8C2A8AF5759BDB2DF28DF74BBF627' │ 10000 │  false   │
│    3    │    'ViaBTC'    │ 'A928A5794D9852389FF572B1941A672274C6C44A' │ 10000 │  false   │
│    4    │  'RabbitBCH'   │ 'FD46D618D0CD459F791F44D9C6E54302658AD142' │ 10000 │  false   │
│    5    │   'FlipETH'    │ 'CA191E53BAE1C905DF46C5A5A8A5295B19768F0B' │ 10000 │  false   │
│    6    │ 'Benswap.cash' │ '2FEB93041FC652B1326A2F07BAEC5CAA8D2353A9' │ 10000 │  false   │
└─────────┴────────────────┴────────────────────────────────────────────┴───────┴──────────┘
slashedVals: []
get block: 12013999, ■■■■■■■■■■■■■■■■■■■■■■■■■■■■■■■■■■■■■■■■■■■■■■■■■■■■■■■■■■■■■■■■■■■■■■■■■■■■■■■■■■■■■■■■■■■■■■■■■■■■
lastMinedBlockMap: [
  {
    miner: '0x930C23CE7536B0ede6AfE7754134d4011217D6AA',
    block: 12013999
  },
  {
    miner: '0x32e716daA7C8C2A8AF5759bdB2DF28Df74bbf627',
    block: 12013993
  },
  {
    miner: '0xA928a5794D9852389FF572b1941A672274c6C44A',
    block: 12013994
  },
  {
    miner: '0xCA191e53bAE1c905Df46c5a5A8a5295b19768F0b',
    block: 12013995
  },
  {
    miner: '0xFd46d618d0cD459F791F44D9C6E54302658aD142',
    block: 12013996
  },
  {
    miner: '0xF22a003226b2221b00906C7435C2eB582223C5C2',
    block: 12013998
  },
  {
    miner: '0x2feb93041fC652B1326a2F07BAEC5Caa8D2353a9',
    block: 12013997
  }
]
minedBlocksMap: Map(7) {
  '0x930C23CE7536B0ede6AfE7754134d4011217D6AA' => 28802,
  '0x32e716daA7C8C2A8AF5759bdB2DF28Df74bbf627' => 28251,
  '0xA928a5794D9852389FF572b1941A672274c6C44A' => 29351,
  '0xCA191e53bAE1c905Df46c5a5A8a5295b19768F0b' => 28801,
  '0xFd46d618d0cD459F791F44D9C6E54302658aD142' => 28801,
  '0xF22a003226b2221b00906C7435C2eB582223C5C2' => 29465,
  '0x2feb93041fC652B1326a2F07BAEC5Caa8D2353a9' => 28136
}
offlineMinerMap: Map(1) { '0x2feb93041fC652B1326a2F07BAEC5Caa8D2353a9' => 11983729 }
delayedBlocks: []
allRewards: 3
